
[error occurred during error reporting (printing fatal error message), id 0xc00000fd, EXCEPTION_STACK_OVERFLOW (0xc00000fd) at pc=0x00007ffad83ba7b8]

#
#  EXCEPTION_ACCESS_VIOLATION (0xc0000005) at pc=0x000002e100000b8b, pid=60516, tid=57852
#
# JRE version: OpenJDK Runtime Environment AdoptOpenJDK (14.0.2+12) (build 14.0.2+12)
# Java VM: OpenJDK 64-Bit Server VM AdoptOpenJDK (14.0.2+12, mixed mode, sharing, tiered, compressed oops, g1 gc, windows-amd64)
# Problematic frame:
# v  ~RuntimeStub::StackOverflowError throw_exception
#
# No core dump will be written. Minidumps are not enabled by default on client versions of Windows
#
# If you would like to submit a bug report, please visit:
#   https://github.com/AdoptOpenJDK/openjdk-support/issues
#

---------------  S U M M A R Y ------------

Command Line: -agentlib:jdwp=transport=dt_socket,address=127.0.0.1:59205,suspend=y,server=n -XX:TieredStopAtLevel=1 -Xverify:none -Dspring.output.ansi.enabled=always -javaagent:C:\Users\piega\AppData\Local\JetBrains\Toolbox\apps\IDEA-U\ch-0\203.7148.57\plugins\java\lib\rt\debugger-agent.jar -Dcom.sun.management.jmxremote -Dspring.jmx.enabled=true -Dspring.liveBeansView.mbeanDomain -Dspring.application.admin.enabled=true -Dfile.encoding=UTF-8 com.kanbanchallenge.kanbanchallengeservice.KanbanChallengeServiceApplication

Host: AMD Ryzen 9 3950X 16-Core Processor            , 32 cores, 63G,  Windows 10 , 64 bit Build 19041 (10.0.19041.928)
Time: Thu May  6 18:10:10 2021 Eastern Daylight Time elapsed time: 10 seconds (0d 0h 0m 10s)

---------------  T H R E A D  ---------------

Current thread (0x000002e131784800):  JavaThread "http-nio-23456-exec-1" daemon [_thread_in_Java, id=57852, stack(0x000000ed21400000,0x000000ed21500000)]

Stack: [0x000000ed21400000,0x000000ed21500000],  sp=0x000000ed21403ec8,  free space=15k
Native frames: (J=compiled Java code, j=interpreted, Vv=VM code, C=native code)
C  0x000002e100000b8b
